<?xml version="1.0" encoding="UTF-8"?>
<testng-results skipped="0" failed="0" ignored="0" total="1" passed="1">
  <reporter-output>
  </reporter-output>
  <suite name="Default suite" duration-ms="17063" started-at="2020-04-21T21:41:41 IST" finished-at="2020-04-21T21:41:58 IST">
    <groups>
    </groups>
    <test name="Default test" duration-ms="17063" started-at="2020-04-21T21:41:41 IST" finished-at="2020-04-21T21:41:58 IST">
      <class name="selenium.myFramework.tests.HomePageTest">
        <test-method status="PASS" signature="SetUp()[pri:0, instance:selenium.myFramework.tests.HomePageTest@71bbf57e]" name="SetUp" is-config="true" duration-ms="10546" started-at="2020-04-21T21:41:41 IST" finished-at="2020-04-21T21:41:51 IST">
          <reporter-output>
          </reporter-output>
        </test-method> <!-- SetUp -->
        <test-method status="PASS" signature="launchHomePage()[pri:0, instance:selenium.myFramework.tests.HomePageTest@71bbf57e]" name="launchHomePage" duration-ms="5567" started-at="2020-04-21T21:41:51 IST" finished-at="2020-04-21T21:41:57 IST">
          <reporter-output>
          </reporter-output>
        </test-method> <!-- launchHomePage -->
        <test-method status="PASS" signature="teardown()[pri:0, instance:selenium.myFramework.tests.HomePageTest@71bbf57e]" name="teardown" is-config="true" duration-ms="892" started-at="2020-04-21T21:41:57 IST" finished-at="2020-04-21T21:41:58 IST">
          <reporter-output>
          </reporter-output>
        </test-method> <!-- teardown -->
      </class> <!-- selenium.myFramework.tests.HomePageTest -->
    </test> <!-- Default test -->
  </suite> <!-- Default suite -->
</testng-results>
